<?xml version="1.0" encoding="UTF-8"?>
<!-- Generated by org.testng.reporters.JUnitReportReporter -->
<testsuite hostname="DESKTOP-N61KFQL" failures="0" tests="1" name="testCases.TC003_NewAccount" time="9.010" errors="0" timestamp="2025-07-03T13:41:45 IST" skipped="0">
  <testcase classname="testCases.TC003_NewAccount" name="verify_account_registration" time="9.010"/>
</testsuite> <!-- testCases.TC003_NewAccount -->
