<?xml version="1.0" encoding="UTF-8"?>
<!-- Generated by org.testng.reporters.JUnitReportReporter -->
<testsuite hostname="DESKTOP-N61KFQL" failures="0" tests="1" name="testCases.TC_001_AccountRegistrationTest" time="12.148" errors="0" timestamp="2025-07-24T15:18:25 IST" skipped="0">
  <testcase classname="testCases.TC_001_AccountRegistrationTest" name="verify_account_registration" time="12.148"/>
</testsuite> <!-- testCases.TC_001_AccountRegistrationTest -->
