<?xml version="1.0" encoding="UTF-8"?>
<!-- Generated by org.testng.reporters.JUnitReportReporter -->
<testsuite hostname="DESKTOP-N61KFQL" failures="0" tests="1" name="testCases.TC_002_LoginTest" time="5.607" errors="0" timestamp="2025-08-09T15:03:03 IST" skipped="0">
  <testcase classname="testCases.TC_002_LoginTest" name="verify_loginDDT" time="5.607"/>
</testsuite> <!-- testCases.TC_002_LoginTest -->
