<?xml version="1.0" encoding="UTF-8"?>
<!-- Generated by org.testng.reporters.JUnitReportReporter -->
<testsuite hostname="DESKTOP-N61KFQL" failures="0" tests="1" name="testCases.TC_002_LoginTest" time="7.789" errors="0" timestamp="2025-07-24T15:18:25 IST" skipped="0">
  <testcase classname="testCases.TC_002_LoginTest" name="verify_loginDDT" time="7.789"/>
</testsuite> <!-- testCases.TC_002_LoginTest -->
