<?xml version="1.0" encoding="UTF-8"?>
<!-- Generated by org.testng.reporters.JUnitReportReporter -->
<testsuite hostname="DESKTOP-N61KFQL" failures="0" tests="1" name="testCases.TC_002_loginTest" time="8.163" errors="0" timestamp="2025-06-28T19:11:58 IST" skipped="0">
  <testcase classname="testCases.TC_002_loginTest" name="verify_account_registration" time="8.163"/>
</testsuite> <!-- testCases.TC_002_loginTest -->
