<?xml version="1.0" encoding="UTF-8"?>
<!-- Generated by org.testng.reporters.JUnitReportReporter -->
<testsuite hostname="DESKTOP-N61KFQL" failures="0" tests="1" name="testCases.TC_001_AccountRegistrationTest" time="6.794" errors="0" timestamp="2025-08-09T15:03:03 IST" skipped="0">
  <testcase classname="testCases.TC_001_AccountRegistrationTest" name="verify_account_registration" time="6.794"/>
</testsuite> <!-- testCases.TC_001_AccountRegistrationTest -->
